0 info it worked if it ends with ok
1 verbose cli [ '/usr/bin/node', '/usr/bin/npm', 'install', 'postgres' ]
2 info using npm@3.5.2
3 info using node@v6.11.4
4 silly loadCurrentTree Starting
5 silly install loadCurrentTree
6 silly install readLocalPackageData
7 silly fetchPackageMetaData postgres
8 silly fetchNamedPackageData postgres
9 silly mapToRegistry name postgres
10 silly mapToRegistry using default registry
11 silly mapToRegistry registry https://registry.npmjs.org/
12 silly mapToRegistry uri https://registry.npmjs.org/postgres
13 verbose request uri https://registry.npmjs.org/postgres
14 verbose request no auth needed
15 info attempt registry request try #1 at 7:20:47
16 verbose request id 84f0c6ffee63e214
17 http request GET https://registry.npmjs.org/postgres
18 http 200 https://registry.npmjs.org/postgres
19 verbose headers { 'content-type': 'application/json; charset=UTF-8',
19 verbose headers   server: 'UploadServer',
19 verbose headers   'cache-control': 'max-age=300',
19 verbose headers   'last-modified': 'Tue, 29 Sep 2009 17:21:33 GMT',
19 verbose headers   etag: '"4ac2421d-304"',
19 verbose headers   'x-npm-region': 'Asia',
19 verbose headers   'content-encoding': 'gzip',
19 verbose headers   'content-length': '417',
19 verbose headers   'accept-ranges': 'bytes',
19 verbose headers   date: 'Wed, 10 Jan 2018 22:20:47 GMT',
19 verbose headers   via: '1.1 varnish',
19 verbose headers   age: '0',
19 verbose headers   connection: 'keep-alive',
19 verbose headers   'x-served-by': 'cache-hnd18728-HND',
19 verbose headers   'x-cache': 'MISS',
19 verbose headers   'x-cache-hits': '0',
19 verbose headers   'x-timer': 'S1515622847.239634,VS0,VE220',
19 verbose headers   vary: 'Accept-Encoding, Accept' }
20 silly get cb [ 200,
20 silly get   { 'content-type': 'application/json; charset=UTF-8',
20 silly get     server: 'UploadServer',
20 silly get     'cache-control': 'max-age=300',
20 silly get     'last-modified': 'Tue, 29 Sep 2009 17:21:33 GMT',
20 silly get     etag: '"4ac2421d-304"',
20 silly get     'x-npm-region': 'Asia',
20 silly get     'content-encoding': 'gzip',
20 silly get     'content-length': '417',
20 silly get     'accept-ranges': 'bytes',
20 silly get     date: 'Wed, 10 Jan 2018 22:20:47 GMT',
20 silly get     via: '1.1 varnish',
20 silly get     age: '0',
20 silly get     connection: 'keep-alive',
20 silly get     'x-served-by': 'cache-hnd18728-HND',
20 silly get     'x-cache': 'MISS',
20 silly get     'x-cache-hits': '0',
20 silly get     'x-timer': 'S1515622847.239634,VS0,VE220',
20 silly get     vary: 'Accept-Encoding, Accept' } ]
21 verbose get saving postgres to /home/le96/.npm/registry.npmjs.org/postgres/.cache.json
22 silly install normalizeTree
23 silly loadCurrentTree Finishing
24 silly loadIdealTree Starting
25 silly install loadIdealTree
26 silly cloneCurrentTree Starting
27 silly install cloneCurrentTreeToIdealTree
28 silly cloneCurrentTree Finishing
29 silly loadShrinkwrap Starting
30 silly install loadShrinkwrap
31 silly loadShrinkwrap Finishing
32 silly loadAllDepsIntoIdealTree Starting
33 silly install loadAllDepsIntoIdealTree
34 silly resolveWithNewModule postgres@0.0.1 checking installable status
35 silly cache add args [ 'postgres', null ]
36 verbose cache add spec postgres
37 silly cache add parsed spec Result {
37 silly cache add   raw: 'postgres',
37 silly cache add   scope: null,
37 silly cache add   name: 'postgres',
37 silly cache add   rawSpec: '',
37 silly cache add   spec: 'latest',
37 silly cache add   type: 'tag' }
38 silly addNamed postgres@latest
39 verbose addNamed "latest" is being treated as a dist-tag for postgres
40 info addNameTag [ 'postgres', 'latest' ]
41 silly mapToRegistry name postgres
42 silly mapToRegistry using default registry
43 silly mapToRegistry registry https://registry.npmjs.org/
44 silly mapToRegistry uri https://registry.npmjs.org/postgres
45 verbose addNameTag registry:https://registry.npmjs.org/postgres not in flight; fetching
46 verbose get https://registry.npmjs.org/postgres not expired, no request
47 silly addNameTag next cb for postgres with tag latest
48 silly addNamed postgres@0.0.1
49 verbose addNamed "0.0.1" is a plain semver version for postgres
50 silly mapToRegistry name postgres
51 silly mapToRegistry using default registry
52 silly mapToRegistry registry https://registry.npmjs.org/
53 silly mapToRegistry uri https://registry.npmjs.org/postgres
54 verbose addRemoteTarball https://registry.npmjs.org/postgres/-/postgres-0.0.1.tgz not in flight; adding
55 verbose addRemoteTarball [ 'https://registry.npmjs.org/postgres/-/postgres-0.0.1.tgz',
55 verbose addRemoteTarball   '93aecd0a7fcf620792bcc2c87a2ead432adaa833' ]
56 info retry fetch attempt 1 at 7:20:47
57 info attempt registry request try #1 at 7:20:47
58 http fetch GET https://registry.npmjs.org/postgres/-/postgres-0.0.1.tgz
59 http fetch 200 https://registry.npmjs.org/postgres/-/postgres-0.0.1.tgz
60 silly fetchAndShaCheck shasum 93aecd0a7fcf620792bcc2c87a2ead432adaa833
61 verbose addTmpTarball /tmp/npm-27821-f4fe4131/registry.npmjs.org/postgres/-/postgres-0.0.1.tgz not in flight; adding
62 verbose addTmpTarball already have metadata; skipping unpack for postgres@0.0.1
63 silly cache afterAdd postgres@0.0.1
64 verbose afterAdd /home/le96/.npm/postgres/0.0.1/package/package.json not in flight; writing
65 verbose afterAdd /home/le96/.npm/postgres/0.0.1/package/package.json written
66 silly loadAllDepsIntoIdealTree Finishing
67 silly idealTree:prePrune todays-mazai@1.0.0
67 silly idealTree:prePrune ├── accepts@1.3.4
67 silly idealTree:prePrune ├─┬ acorn-globals@3.1.0
67 silly idealTree:prePrune │ └── acorn@4.0.13
67 silly idealTree:prePrune ├── acorn@3.3.0
67 silly idealTree:prePrune ├── ajv@5.5.2
67 silly idealTree:prePrune ├── align-text@0.1.4
67 silly idealTree:prePrune ├── amdefine@1.0.1
67 silly idealTree:prePrune ├── array-flatten@1.1.1
67 silly idealTree:prePrune ├── asap@2.0.6
67 silly idealTree:prePrune ├── asn1@0.2.3
67 silly idealTree:prePrune ├── assert-plus@1.0.0
67 silly idealTree:prePrune ├── asynckit@0.4.0
67 silly idealTree:prePrune ├── aws-sign2@0.7.0
67 silly idealTree:prePrune ├── aws4@1.6.0
67 silly idealTree:prePrune ├── basic-auth@2.0.0
67 silly idealTree:prePrune ├── bcrypt-pbkdf@1.0.1
67 silly idealTree:prePrune ├─┬ body-parser@1.18.2
67 silly idealTree:prePrune │ └── debug@2.6.9
67 silly idealTree:prePrune ├── boom@4.3.1
67 silly idealTree:prePrune ├── bytes@3.0.0
67 silly idealTree:prePrune ├── camelcase@1.2.1
67 silly idealTree:prePrune ├── caseless@0.12.0
67 silly idealTree:prePrune ├── center-align@0.1.3
67 silly idealTree:prePrune ├── character-parser@2.2.0
67 silly idealTree:prePrune ├── clean-css@3.4.28
67 silly idealTree:prePrune ├── cliui@2.1.0
67 silly idealTree:prePrune ├── co@4.6.0
67 silly idealTree:prePrune ├── combined-stream@1.0.5
67 silly idealTree:prePrune ├── commander@2.8.1
67 silly idealTree:prePrune ├── constantinople@3.1.0
67 silly idealTree:prePrune ├── content-disposition@0.5.2
67 silly idealTree:prePrune ├── content-type@1.0.4
67 silly idealTree:prePrune ├── cookie-parser@1.4.3
67 silly idealTree:prePrune ├── cookie-signature@1.0.6
67 silly idealTree:prePrune ├── cookie@0.3.1
67 silly idealTree:prePrune ├── core-util-is@1.0.2
67 silly idealTree:prePrune ├─┬ cryptiles@3.1.2
67 silly idealTree:prePrune │ └── boom@5.2.0
67 silly idealTree:prePrune ├── dashdash@1.14.1
67 silly idealTree:prePrune ├── debug@3.1.0
67 silly idealTree:prePrune ├── decamelize@1.2.0
67 silly idealTree:prePrune ├── deep-extend@0.5.0
67 silly idealTree:prePrune ├── delayed-stream@1.0.0
67 silly idealTree:prePrune ├── depd@1.1.1
67 silly idealTree:prePrune ├── destroy@1.0.4
67 silly idealTree:prePrune ├── doctypes@1.1.0
67 silly idealTree:prePrune ├── ecc-jsbn@0.1.1
67 silly idealTree:prePrune ├── ee-first@1.1.1
67 silly idealTree:prePrune ├── ejs@2.5.7
67 silly idealTree:prePrune ├── encodeurl@1.0.1
67 silly idealTree:prePrune ├── escape-html@1.0.3
67 silly idealTree:prePrune ├── etag@1.8.1
67 silly idealTree:prePrune ├─┬ express@4.16.2
67 silly idealTree:prePrune │ └── debug@2.6.9
67 silly idealTree:prePrune ├── extend@3.0.1
67 silly idealTree:prePrune ├── extsprintf@1.3.0
67 silly idealTree:prePrune ├── fast-deep-equal@1.0.0
67 silly idealTree:prePrune ├── fast-json-stable-stringify@2.0.0
67 silly idealTree:prePrune ├─┬ finalhandler@1.1.0
67 silly idealTree:prePrune │ └── debug@2.6.9
67 silly idealTree:prePrune ├── forever-agent@0.6.1
67 silly idealTree:prePrune ├── form-data@2.3.1
67 silly idealTree:prePrune ├── forwarded@0.1.2
67 silly idealTree:prePrune ├── fresh@0.5.2
67 silly idealTree:prePrune ├── function-bind@1.1.1
67 silly idealTree:prePrune ├── getpass@0.1.7
67 silly idealTree:prePrune ├── graceful-readlink@1.0.1
67 silly idealTree:prePrune ├── har-schema@2.0.0
67 silly idealTree:prePrune ├── har-validator@5.0.3
67 silly idealTree:prePrune ├── has@1.0.1
67 silly idealTree:prePrune ├── hawk@6.0.2
67 silly idealTree:prePrune ├── hoek@4.2.0
67 silly idealTree:prePrune ├─┬ http-errors@1.6.2
67 silly idealTree:prePrune │ └── setprototypeof@1.0.3
67 silly idealTree:prePrune ├── http-signature@1.2.0
67 silly idealTree:prePrune ├── iconv-lite@0.4.19
67 silly idealTree:prePrune ├── inherits@2.0.3
67 silly idealTree:prePrune ├── ipaddr.js@1.5.2
67 silly idealTree:prePrune ├── is-buffer@1.1.6
67 silly idealTree:prePrune ├── is-expression@2.1.0
67 silly idealTree:prePrune ├── is-promise@2.1.0
67 silly idealTree:prePrune ├── is-regex@1.0.4
67 silly idealTree:prePrune ├── is-typedarray@1.0.0
67 silly idealTree:prePrune ├── isstream@0.1.2
67 silly idealTree:prePrune ├── js-stringify@1.0.2
67 silly idealTree:prePrune ├── jsbn@0.1.1
67 silly idealTree:prePrune ├── json-schema-traverse@0.3.1
67 silly idealTree:prePrune ├── json-schema@0.2.3
67 silly idealTree:prePrune ├── json-stringify-safe@5.0.1
67 silly idealTree:prePrune ├── jsprim@1.4.1
67 silly idealTree:prePrune ├── jstransformer@1.0.0
67 silly idealTree:prePrune ├── kind-of@3.2.2
67 silly idealTree:prePrune ├── lazy-cache@1.0.4
67 silly idealTree:prePrune ├── longest@1.0.1
67 silly idealTree:prePrune ├── media-typer@0.3.0
67 silly idealTree:prePrune ├── merge-descriptors@1.0.1
67 silly idealTree:prePrune ├── methods@1.1.2
67 silly idealTree:prePrune ├── mime-db@1.30.0
67 silly idealTree:prePrune ├── mime-types@2.1.17
67 silly idealTree:prePrune ├── mime@1.4.1
67 silly idealTree:prePrune ├── moment@2.20.1
67 silly idealTree:prePrune ├─┬ morgan@1.9.0
67 silly idealTree:prePrune │ └── debug@2.6.9
67 silly idealTree:prePrune ├── ms@2.0.0
67 silly idealTree:prePrune ├── negotiator@0.6.1
67 silly idealTree:prePrune ├── oauth-sign@0.8.2
67 silly idealTree:prePrune ├── object-assign@4.1.1
67 silly idealTree:prePrune ├── on-finished@2.3.0
67 silly idealTree:prePrune ├── on-headers@1.0.1
67 silly idealTree:prePrune ├── parseurl@1.3.2
67 silly idealTree:prePrune ├── path-parse@1.0.5
67 silly idealTree:prePrune ├── path-to-regexp@0.1.7
67 silly idealTree:prePrune ├── performance-now@2.1.0
67 silly idealTree:prePrune ├── postgres@0.0.1
67 silly idealTree:prePrune ├── promise@7.3.1
67 silly idealTree:prePrune ├── proxy-addr@2.0.2
67 silly idealTree:prePrune ├── pug-attrs@2.0.2
67 silly idealTree:prePrune ├── pug-code-gen@2.0.0
67 silly idealTree:prePrune ├── pug-error@1.3.2
67 silly idealTree:prePrune ├── pug-filters@2.1.5
67 silly idealTree:prePrune ├─┬ pug-lexer@3.1.0
67 silly idealTree:prePrune │ ├── acorn@4.0.13
67 silly idealTree:prePrune │ └── is-expression@3.0.0
67 silly idealTree:prePrune ├── pug-linker@3.0.3
67 silly idealTree:prePrune ├── pug-load@2.0.9
67 silly idealTree:prePrune ├── pug-parser@4.0.0
67 silly idealTree:prePrune ├── pug-runtime@2.0.3
67 silly idealTree:prePrune ├── pug-strip-comments@1.0.2
67 silly idealTree:prePrune ├── pug-walk@1.1.5
67 silly idealTree:prePrune ├── pug@2.0.0-rc.4
67 silly idealTree:prePrune ├── punycode@1.4.1
67 silly idealTree:prePrune ├── qs@6.5.1
67 silly idealTree:prePrune ├── range-parser@1.2.0
67 silly idealTree:prePrune ├── raw-body@2.3.2
67 silly idealTree:prePrune ├── repeat-string@1.6.1
67 silly idealTree:prePrune ├── request@2.83.0
67 silly idealTree:prePrune ├── resolve@1.5.0
67 silly idealTree:prePrune ├── right-align@0.1.3
67 silly idealTree:prePrune ├── safe-buffer@5.1.1
67 silly idealTree:prePrune ├─┬ send@0.16.1
67 silly idealTree:prePrune │ └── debug@2.6.9
67 silly idealTree:prePrune ├── serve-static@1.13.1
67 silly idealTree:prePrune ├── setprototypeof@1.1.0
67 silly idealTree:prePrune ├── sntp@2.1.0
67 silly idealTree:prePrune ├── source-map@0.4.4
67 silly idealTree:prePrune ├── sshpk@1.13.1
67 silly idealTree:prePrune ├── statuses@1.3.1
67 silly idealTree:prePrune ├── stringstream@0.0.5
67 silly idealTree:prePrune ├── token-stream@0.0.1
67 silly idealTree:prePrune ├── tough-cookie@2.3.3
67 silly idealTree:prePrune ├── tunnel-agent@0.6.0
67 silly idealTree:prePrune ├── tweetnacl@0.14.5
67 silly idealTree:prePrune ├── twitter@1.7.1
67 silly idealTree:prePrune ├── type-is@1.6.15
67 silly idealTree:prePrune ├─┬ uglify-js@2.8.29
67 silly idealTree:prePrune │ └── source-map@0.5.7
67 silly idealTree:prePrune ├── uglify-to-browserify@1.0.2
67 silly idealTree:prePrune ├── unpipe@1.0.0
67 silly idealTree:prePrune ├── utils-merge@1.0.1
67 silly idealTree:prePrune ├── uuid@3.1.0
67 silly idealTree:prePrune ├── vary@1.1.2
67 silly idealTree:prePrune ├── verror@1.10.0
67 silly idealTree:prePrune ├── void-elements@2.0.1
67 silly idealTree:prePrune ├── window-size@0.1.0
67 silly idealTree:prePrune ├── with@5.1.1
67 silly idealTree:prePrune ├── wordwrap@0.0.2
67 silly idealTree:prePrune └── yargs@3.10.0
68 silly loadIdealTree Finishing
69 silly currentTree todays-mazai@1.0.0
69 silly currentTree ├── accepts@1.3.4
69 silly currentTree ├─┬ acorn-globals@3.1.0
69 silly currentTree │ └── acorn@4.0.13
69 silly currentTree ├── acorn@3.3.0
69 silly currentTree ├── ajv@5.5.2
69 silly currentTree ├── align-text@0.1.4
69 silly currentTree ├── amdefine@1.0.1
69 silly currentTree ├── array-flatten@1.1.1
69 silly currentTree ├── asap@2.0.6
69 silly currentTree ├── asn1@0.2.3
69 silly currentTree ├── assert-plus@1.0.0
69 silly currentTree ├── asynckit@0.4.0
69 silly currentTree ├── aws-sign2@0.7.0
69 silly currentTree ├── aws4@1.6.0
69 silly currentTree ├── basic-auth@2.0.0
69 silly currentTree ├── bcrypt-pbkdf@1.0.1
69 silly currentTree ├─┬ body-parser@1.18.2
69 silly currentTree │ └── debug@2.6.9
69 silly currentTree ├── boom@4.3.1
69 silly currentTree ├── bytes@3.0.0
69 silly currentTree ├── camelcase@1.2.1
69 silly currentTree ├── caseless@0.12.0
69 silly currentTree ├── center-align@0.1.3
69 silly currentTree ├── character-parser@2.2.0
69 silly currentTree ├── clean-css@3.4.28
69 silly currentTree ├── cliui@2.1.0
69 silly currentTree ├── co@4.6.0
69 silly currentTree ├── combined-stream@1.0.5
69 silly currentTree ├── commander@2.8.1
69 silly currentTree ├── constantinople@3.1.0
69 silly currentTree ├── content-disposition@0.5.2
69 silly currentTree ├── content-type@1.0.4
69 silly currentTree ├── cookie-parser@1.4.3
69 silly currentTree ├── cookie-signature@1.0.6
69 silly currentTree ├── cookie@0.3.1
69 silly currentTree ├── core-util-is@1.0.2
69 silly currentTree ├─┬ cryptiles@3.1.2
69 silly currentTree │ └── boom@5.2.0
69 silly currentTree ├── dashdash@1.14.1
69 silly currentTree ├── debug@3.1.0
69 silly currentTree ├── decamelize@1.2.0
69 silly currentTree ├── deep-extend@0.5.0
69 silly currentTree ├── delayed-stream@1.0.0
69 silly currentTree ├── depd@1.1.1
69 silly currentTree ├── destroy@1.0.4
69 silly currentTree ├── doctypes@1.1.0
69 silly currentTree ├── ecc-jsbn@0.1.1
69 silly currentTree ├── ee-first@1.1.1
69 silly currentTree ├── ejs@2.5.7
69 silly currentTree ├── encodeurl@1.0.1
69 silly currentTree ├── escape-html@1.0.3
69 silly currentTree ├── etag@1.8.1
69 silly currentTree ├─┬ express@4.16.2
69 silly currentTree │ └── debug@2.6.9
69 silly currentTree ├── extend@3.0.1
69 silly currentTree ├── extsprintf@1.3.0
69 silly currentTree ├── fast-deep-equal@1.0.0
69 silly currentTree ├── fast-json-stable-stringify@2.0.0
69 silly currentTree ├─┬ finalhandler@1.1.0
69 silly currentTree │ └── debug@2.6.9
69 silly currentTree ├── forever-agent@0.6.1
69 silly currentTree ├── form-data@2.3.1
69 silly currentTree ├── forwarded@0.1.2
69 silly currentTree ├── fresh@0.5.2
69 silly currentTree ├── function-bind@1.1.1
69 silly currentTree ├── getpass@0.1.7
69 silly currentTree ├── graceful-readlink@1.0.1
69 silly currentTree ├── har-schema@2.0.0
69 silly currentTree ├── har-validator@5.0.3
69 silly currentTree ├── has@1.0.1
69 silly currentTree ├── hawk@6.0.2
69 silly currentTree ├── hoek@4.2.0
69 silly currentTree ├─┬ http-errors@1.6.2
69 silly currentTree │ └── setprototypeof@1.0.3
69 silly currentTree ├── http-signature@1.2.0
69 silly currentTree ├── iconv-lite@0.4.19
69 silly currentTree ├── inherits@2.0.3
69 silly currentTree ├── ipaddr.js@1.5.2
69 silly currentTree ├── is-buffer@1.1.6
69 silly currentTree ├── is-expression@2.1.0
69 silly currentTree ├── is-promise@2.1.0
69 silly currentTree ├── is-regex@1.0.4
69 silly currentTree ├── is-typedarray@1.0.0
69 silly currentTree ├── isstream@0.1.2
69 silly currentTree ├── js-stringify@1.0.2
69 silly currentTree ├── jsbn@0.1.1
69 silly currentTree ├── json-schema-traverse@0.3.1
69 silly currentTree ├── json-schema@0.2.3
69 silly currentTree ├── json-stringify-safe@5.0.1
69 silly currentTree ├── jsprim@1.4.1
69 silly currentTree ├── jstransformer@1.0.0
69 silly currentTree ├── kind-of@3.2.2
69 silly currentTree ├── lazy-cache@1.0.4
69 silly currentTree ├── longest@1.0.1
69 silly currentTree ├── media-typer@0.3.0
69 silly currentTree ├── merge-descriptors@1.0.1
69 silly currentTree ├── methods@1.1.2
69 silly currentTree ├── mime-db@1.30.0
69 silly currentTree ├── mime-types@2.1.17
69 silly currentTree ├── mime@1.4.1
69 silly currentTree ├── moment@2.20.1
69 silly currentTree ├─┬ morgan@1.9.0
69 silly currentTree │ └── debug@2.6.9
69 silly currentTree ├── ms@2.0.0
69 silly currentTree ├── negotiator@0.6.1
69 silly currentTree ├── oauth-sign@0.8.2
69 silly currentTree ├── object-assign@4.1.1
69 silly currentTree ├── on-finished@2.3.0
69 silly currentTree ├── on-headers@1.0.1
69 silly currentTree ├── parseurl@1.3.2
69 silly currentTree ├── path-parse@1.0.5
69 silly currentTree ├── path-to-regexp@0.1.7
69 silly currentTree ├── performance-now@2.1.0
69 silly currentTree ├── promise@7.3.1
69 silly currentTree ├── proxy-addr@2.0.2
69 silly currentTree ├── pug-attrs@2.0.2
69 silly currentTree ├── pug-code-gen@2.0.0
69 silly currentTree ├── pug-error@1.3.2
69 silly currentTree ├── pug-filters@2.1.5
69 silly currentTree ├─┬ pug-lexer@3.1.0
69 silly currentTree │ ├── acorn@4.0.13
69 silly currentTree │ └── is-expression@3.0.0
69 silly currentTree ├── pug-linker@3.0.3
69 silly currentTree ├── pug-load@2.0.9
69 silly currentTree ├── pug-parser@4.0.0
69 silly currentTree ├── pug-runtime@2.0.3
69 silly currentTree ├── pug-strip-comments@1.0.2
69 silly currentTree ├── pug-walk@1.1.5
69 silly currentTree ├── pug@2.0.0-rc.4
69 silly currentTree ├── punycode@1.4.1
69 silly currentTree ├── qs@6.5.1
69 silly currentTree ├── range-parser@1.2.0
69 silly currentTree ├── raw-body@2.3.2
69 silly currentTree ├── repeat-string@1.6.1
69 silly currentTree ├── request@2.83.0
69 silly currentTree ├── resolve@1.5.0
69 silly currentTree ├── right-align@0.1.3
69 silly currentTree ├── safe-buffer@5.1.1
69 silly currentTree ├─┬ send@0.16.1
69 silly currentTree │ └── debug@2.6.9
69 silly currentTree ├── serve-static@1.13.1
69 silly currentTree ├── setprototypeof@1.1.0
69 silly currentTree ├── sntp@2.1.0
69 silly currentTree ├── source-map@0.4.4
69 silly currentTree ├── sshpk@1.13.1
69 silly currentTree ├── statuses@1.3.1
69 silly currentTree ├── stringstream@0.0.5
69 silly currentTree ├── token-stream@0.0.1
69 silly currentTree ├── tough-cookie@2.3.3
69 silly currentTree ├── tunnel-agent@0.6.0
69 silly currentTree ├── tweetnacl@0.14.5
69 silly currentTree ├── twitter@1.7.1
69 silly currentTree ├── type-is@1.6.15
69 silly currentTree ├─┬ uglify-js@2.8.29
69 silly currentTree │ └── source-map@0.5.7
69 silly currentTree ├── uglify-to-browserify@1.0.2
69 silly currentTree ├── unpipe@1.0.0
69 silly currentTree ├── utils-merge@1.0.1
69 silly currentTree ├── uuid@3.1.0
69 silly currentTree ├── vary@1.1.2
69 silly currentTree ├── verror@1.10.0
69 silly currentTree ├── void-elements@2.0.1
69 silly currentTree ├── window-size@0.1.0
69 silly currentTree ├── with@5.1.1
69 silly currentTree ├── wordwrap@0.0.2
69 silly currentTree └── yargs@3.10.0
70 silly idealTree todays-mazai@1.0.0
70 silly idealTree ├── accepts@1.3.4
70 silly idealTree ├─┬ acorn-globals@3.1.0
70 silly idealTree │ └── acorn@4.0.13
70 silly idealTree ├── acorn@3.3.0
70 silly idealTree ├── ajv@5.5.2
70 silly idealTree ├── align-text@0.1.4
70 silly idealTree ├── amdefine@1.0.1
70 silly idealTree ├── array-flatten@1.1.1
70 silly idealTree ├── asap@2.0.6
70 silly idealTree ├── asn1@0.2.3
70 silly idealTree ├── assert-plus@1.0.0
70 silly idealTree ├── asynckit@0.4.0
70 silly idealTree ├── aws-sign2@0.7.0
70 silly idealTree ├── aws4@1.6.0
70 silly idealTree ├── basic-auth@2.0.0
70 silly idealTree ├── bcrypt-pbkdf@1.0.1
70 silly idealTree ├─┬ body-parser@1.18.2
70 silly idealTree │ └── debug@2.6.9
70 silly idealTree ├── boom@4.3.1
70 silly idealTree ├── bytes@3.0.0
70 silly idealTree ├── camelcase@1.2.1
70 silly idealTree ├── caseless@0.12.0
70 silly idealTree ├── center-align@0.1.3
70 silly idealTree ├── character-parser@2.2.0
70 silly idealTree ├── clean-css@3.4.28
70 silly idealTree ├── cliui@2.1.0
70 silly idealTree ├── co@4.6.0
70 silly idealTree ├── combined-stream@1.0.5
70 silly idealTree ├── commander@2.8.1
70 silly idealTree ├── constantinople@3.1.0
70 silly idealTree ├── content-disposition@0.5.2
70 silly idealTree ├── content-type@1.0.4
70 silly idealTree ├── cookie-parser@1.4.3
70 silly idealTree ├── cookie-signature@1.0.6
70 silly idealTree ├── cookie@0.3.1
70 silly idealTree ├── core-util-is@1.0.2
70 silly idealTree ├─┬ cryptiles@3.1.2
70 silly idealTree │ └── boom@5.2.0
70 silly idealTree ├── dashdash@1.14.1
70 silly idealTree ├── debug@3.1.0
70 silly idealTree ├── decamelize@1.2.0
70 silly idealTree ├── deep-extend@0.5.0
70 silly idealTree ├── delayed-stream@1.0.0
70 silly idealTree ├── depd@1.1.1
70 silly idealTree ├── destroy@1.0.4
70 silly idealTree ├── doctypes@1.1.0
70 silly idealTree ├── ecc-jsbn@0.1.1
70 silly idealTree ├── ee-first@1.1.1
70 silly idealTree ├── ejs@2.5.7
70 silly idealTree ├── encodeurl@1.0.1
70 silly idealTree ├── escape-html@1.0.3
70 silly idealTree ├── etag@1.8.1
70 silly idealTree ├─┬ express@4.16.2
70 silly idealTree │ └── debug@2.6.9
70 silly idealTree ├── extend@3.0.1
70 silly idealTree ├── extsprintf@1.3.0
70 silly idealTree ├── fast-deep-equal@1.0.0
70 silly idealTree ├── fast-json-stable-stringify@2.0.0
70 silly idealTree ├─┬ finalhandler@1.1.0
70 silly idealTree │ └── debug@2.6.9
70 silly idealTree ├── forever-agent@0.6.1
70 silly idealTree ├── form-data@2.3.1
70 silly idealTree ├── forwarded@0.1.2
70 silly idealTree ├── fresh@0.5.2
70 silly idealTree ├── function-bind@1.1.1
70 silly idealTree ├── getpass@0.1.7
70 silly idealTree ├── graceful-readlink@1.0.1
70 silly idealTree ├── har-schema@2.0.0
70 silly idealTree ├── har-validator@5.0.3
70 silly idealTree ├── has@1.0.1
70 silly idealTree ├── hawk@6.0.2
70 silly idealTree ├── hoek@4.2.0
70 silly idealTree ├─┬ http-errors@1.6.2
70 silly idealTree │ └── setprototypeof@1.0.3
70 silly idealTree ├── http-signature@1.2.0
70 silly idealTree ├── iconv-lite@0.4.19
70 silly idealTree ├── inherits@2.0.3
70 silly idealTree ├── ipaddr.js@1.5.2
70 silly idealTree ├── is-buffer@1.1.6
70 silly idealTree ├── is-expression@2.1.0
70 silly idealTree ├── is-promise@2.1.0
70 silly idealTree ├── is-regex@1.0.4
70 silly idealTree ├── is-typedarray@1.0.0
70 silly idealTree ├── isstream@0.1.2
70 silly idealTree ├── js-stringify@1.0.2
70 silly idealTree ├── jsbn@0.1.1
70 silly idealTree ├── json-schema-traverse@0.3.1
70 silly idealTree ├── json-schema@0.2.3
70 silly idealTree ├── json-stringify-safe@5.0.1
70 silly idealTree ├── jsprim@1.4.1
70 silly idealTree ├── jstransformer@1.0.0
70 silly idealTree ├── kind-of@3.2.2
70 silly idealTree ├── lazy-cache@1.0.4
70 silly idealTree ├── longest@1.0.1
70 silly idealTree ├── media-typer@0.3.0
70 silly idealTree ├── merge-descriptors@1.0.1
70 silly idealTree ├── methods@1.1.2
70 silly idealTree ├── mime-db@1.30.0
70 silly idealTree ├── mime-types@2.1.17
70 silly idealTree ├── mime@1.4.1
70 silly idealTree ├── moment@2.20.1
70 silly idealTree ├─┬ morgan@1.9.0
70 silly idealTree │ └── debug@2.6.9
70 silly idealTree ├── ms@2.0.0
70 silly idealTree ├── negotiator@0.6.1
70 silly idealTree ├── oauth-sign@0.8.2
70 silly idealTree ├── object-assign@4.1.1
70 silly idealTree ├── on-finished@2.3.0
70 silly idealTree ├── on-headers@1.0.1
70 silly idealTree ├── parseurl@1.3.2
70 silly idealTree ├── path-parse@1.0.5
70 silly idealTree ├── path-to-regexp@0.1.7
70 silly idealTree ├── performance-now@2.1.0
70 silly idealTree ├── postgres@0.0.1
70 silly idealTree ├── promise@7.3.1
70 silly idealTree ├── proxy-addr@2.0.2
70 silly idealTree ├── pug-attrs@2.0.2
70 silly idealTree ├── pug-code-gen@2.0.0
70 silly idealTree ├── pug-error@1.3.2
70 silly idealTree ├── pug-filters@2.1.5
70 silly idealTree ├─┬ pug-lexer@3.1.0
70 silly idealTree │ ├── acorn@4.0.13
70 silly idealTree │ └── is-expression@3.0.0
70 silly idealTree ├── pug-linker@3.0.3
70 silly idealTree ├── pug-load@2.0.9
70 silly idealTree ├── pug-parser@4.0.0
70 silly idealTree ├── pug-runtime@2.0.3
70 silly idealTree ├── pug-strip-comments@1.0.2
70 silly idealTree ├── pug-walk@1.1.5
70 silly idealTree ├── pug@2.0.0-rc.4
70 silly idealTree ├── punycode@1.4.1
70 silly idealTree ├── qs@6.5.1
70 silly idealTree ├── range-parser@1.2.0
70 silly idealTree ├── raw-body@2.3.2
70 silly idealTree ├── repeat-string@1.6.1
70 silly idealTree ├── request@2.83.0
70 silly idealTree ├── resolve@1.5.0
70 silly idealTree ├── right-align@0.1.3
70 silly idealTree ├── safe-buffer@5.1.1
70 silly idealTree ├─┬ send@0.16.1
70 silly idealTree │ └── debug@2.6.9
70 silly idealTree ├── serve-static@1.13.1
70 silly idealTree ├── setprototypeof@1.1.0
70 silly idealTree ├── sntp@2.1.0
70 silly idealTree ├── source-map@0.4.4
70 silly idealTree ├── sshpk@1.13.1
70 silly idealTree ├── statuses@1.3.1
70 silly idealTree ├── stringstream@0.0.5
70 silly idealTree ├── token-stream@0.0.1
70 silly idealTree ├── tough-cookie@2.3.3
70 silly idealTree ├── tunnel-agent@0.6.0
70 silly idealTree ├── tweetnacl@0.14.5
70 silly idealTree ├── twitter@1.7.1
70 silly idealTree ├── type-is@1.6.15
70 silly idealTree ├─┬ uglify-js@2.8.29
70 silly idealTree │ └── source-map@0.5.7
70 silly idealTree ├── uglify-to-browserify@1.0.2
70 silly idealTree ├── unpipe@1.0.0
70 silly idealTree ├── utils-merge@1.0.1
70 silly idealTree ├── uuid@3.1.0
70 silly idealTree ├── vary@1.1.2
70 silly idealTree ├── verror@1.10.0
70 silly idealTree ├── void-elements@2.0.1
70 silly idealTree ├── window-size@0.1.0
70 silly idealTree ├── with@5.1.1
70 silly idealTree ├── wordwrap@0.0.2
70 silly idealTree └── yargs@3.10.0
71 silly generateActionsToTake Starting
72 silly install generateActionsToTake
73 silly generateActionsToTake Finishing
74 silly diffTrees action count 1
75 silly diffTrees add postgres@0.0.1
76 silly decomposeActions action count 8
77 silly decomposeActions fetch postgres@0.0.1
78 silly decomposeActions extract postgres@0.0.1
79 silly decomposeActions test postgres@0.0.1
80 silly decomposeActions preinstall postgres@0.0.1
81 silly decomposeActions build postgres@0.0.1
82 silly decomposeActions install postgres@0.0.1
83 silly decomposeActions postinstall postgres@0.0.1
84 silly decomposeActions finalize postgres@0.0.1
85 silly executeActions Starting
86 silly install executeActions
87 silly doSerial global-install 0
88 silly doParallel fetch 1
89 verbose lock using /home/le96/.npm/_locks/staging-0e589369d1b20cdb.lock for /home/le96/Documents/TodaysMazai/node_modules/.staging
90 silly doParallel extract 1
91 silly extract postgres@0.0.1
92 verbose unbuild node_modules/.staging/postgres-9b9e4be1
93 silly gentlyRm /home/le96/Documents/TodaysMazai/node_modules/.staging/postgres-9b9e4be1 is being purged from base /home/le96/Documents/TodaysMazai
94 verbose gentlyRm don't care about contents; nuking /home/le96/Documents/TodaysMazai/node_modules/.staging/postgres-9b9e4be1
95 verbose tar unpack /home/le96/.npm/postgres/0.0.1/package.tgz
96 verbose tar unpacking to /home/le96/Documents/TodaysMazai/node_modules/.staging/postgres-9b9e4be1
97 silly gentlyRm /home/le96/Documents/TodaysMazai/node_modules/.staging/postgres-9b9e4be1 is being purged
98 verbose gentlyRm don't care about contents; nuking /home/le96/Documents/TodaysMazai/node_modules/.staging/postgres-9b9e4be1
99 silly gunzTarPerm modes [ '755', '644' ]
100 silly gunzTarPerm extractEntry
101 silly gunzTarPerm extractEntry .gitignore
102 silly gunzTarPerm extractEntry ._.npmignore
103 silly gunzTarPerm extractEntry .npmignore
104 silly gunzTarPerm extractEntry binding.cc
105 silly gunzTarPerm extractEntry LICENSE-MIT
106 silly gunzTarPerm extractEntry ._package.json
107 silly gunzTarPerm extractEntry package.json
108 silly gunzTarPerm extractEntry postgres.js
109 silly gunzTarPerm extractEntry README
110 silly gunzTarPerm extractEntry test.js
111 silly gunzTarPerm extractEntry type-oids.h
112 silly gunzTarPerm extractEntry wscript
113 silly gentlyRm /home/le96/Documents/TodaysMazai/node_modules/.staging/postgres-9b9e4be1/node_modules is being purged
114 verbose gentlyRm don't care about contents; nuking /home/le96/Documents/TodaysMazai/node_modules/.staging/postgres-9b9e4be1/node_modules
115 silly doParallel preinstall 1
116 silly preinstall postgres@0.0.1 /home/le96/Documents/TodaysMazai/node_modules/.staging/postgres-9b9e4be1
117 info lifecycle postgres@0.0.1~preinstall: postgres@0.0.1
118 silly lifecycle postgres@0.0.1~preinstall: no script for preinstall, continuing
119 silly doReverseSerial remove 0
120 silly doSerial move 0
121 silly doSerial finalize 1
122 silly finalize /home/le96/Documents/TodaysMazai/node_modules/postgres
123 silly doSerial build 1
124 silly build postgres@0.0.1
125 info linkStuff postgres@0.0.1
126 silly linkStuff postgres@0.0.1 has /home/le96/Documents/TodaysMazai/node_modules as its parent node_modules
127 verbose linkBins postgres@0.0.1
128 verbose linkMans postgres@0.0.1
129 silly doSerial global-link 0
130 silly doParallel update-linked 0
131 silly doSerial install 1
132 silly install postgres@0.0.1 /home/le96/Documents/TodaysMazai/node_modules/.staging/postgres-9b9e4be1
133 info lifecycle postgres@0.0.1~install: postgres@0.0.1
134 verbose lifecycle postgres@0.0.1~install: unsafe-perm in lifecycle true
135 verbose lifecycle postgres@0.0.1~install: PATH: /usr/share/npm/bin/node-gyp-bin:/home/le96/Documents/TodaysMazai/node_modules/postgres/node_modules/.bin:/home/le96/Documents/TodaysMazai/node_modules/.bin:/usr/local/sbin:/usr/local/bin:/usr/sbin:/usr/bin:/sbin:/bin:/usr/games:/usr/local/games:/snap/bin:/home/le96/.sh
136 verbose lifecycle postgres@0.0.1~install: CWD: /home/le96/Documents/TodaysMazai/node_modules/postgres
137 silly lifecycle postgres@0.0.1~install: Args: [ '-c', 'node-waf configure build' ]
138 info lifecycle postgres@0.0.1~install: Failed to exec install script
139 verbose unlock done using /home/le96/.npm/_locks/staging-0e589369d1b20cdb.lock for /home/le96/Documents/TodaysMazai/node_modules/.staging
140 silly rollbackFailedOptional Starting
141 silly rollbackFailedOptional Finishing
142 silly runTopLevelLifecycles Starting
143 silly runTopLevelLifecycles Finishing
144 silly install printInstalled
145 verbose stack Error: postgres@0.0.1 install: `node-waf configure build`
145 verbose stack spawn ENOENT
145 verbose stack     at ChildProcess.<anonymous> (/usr/share/npm/lib/utils/spawn.js:17:16)
145 verbose stack     at emitTwo (events.js:106:13)
145 verbose stack     at ChildProcess.emit (events.js:191:7)
145 verbose stack     at maybeClose (internal/child_process.js:920:16)
145 verbose stack     at Process.ChildProcess._handle.onexit (internal/child_process.js:230:5)
146 verbose pkgid postgres@0.0.1
147 verbose cwd /home/le96/Documents/TodaysMazai
148 error Linux 4.13.0-21-generic
149 error argv "/usr/bin/node" "/usr/bin/npm" "install" "postgres"
150 error node v6.11.4
151 error npm  v3.5.2
152 error file sh
153 error code ELIFECYCLE
154 error errno ENOENT
155 error syscall spawn
156 error postgres@0.0.1 install: `node-waf configure build`
156 error spawn ENOENT
157 error Failed at the postgres@0.0.1 install script 'node-waf configure build'.
157 error Make sure you have the latest version of node.js and npm installed.
157 error If you do, this is most likely a problem with the postgres package,
157 error not with npm itself.
157 error Tell the author that this fails on your system:
157 error     node-waf configure build
157 error You can get information on how to open an issue for this project with:
157 error     npm bugs postgres
157 error Or if that isn't available, you can get their info via:
157 error     npm owner ls postgres
157 error There is likely additional logging output above.
158 verbose exit [ 1, true ]
